<?xml version="1.0" encoding="UTF-8"?>
<!-- Generated by org.testng.reporters.JUnitReportReporter -->
<testsuite hostname="DESKTOP-OS26117" failures="0" tests="2" name="Annotations.IgnoreTest" time="56.977" errors="0" timestamp="2022-11-16T14:55:34 IST" skipped="1">
  <testcase classname="Annotations.IgnoreTest" name="f1" time="56.977"/>
  <system-out/>
  <testcase classname="Annotations.IgnoreTest" name="f">
    <skipped/>
  </testcase> <!-- f -->
  <system-out/>
</testsuite> <!-- Annotations.IgnoreTest -->
