<?xml version="1.0" encoding="UTF-8"?>
<!-- Generated by org.testng.reporters.JUnitReportReporter -->
<testsuite hostname="DESKTOP-OS26117" failures="0" tests="2" name="Annotations.BAMethod" time="47.866" errors="0" timestamp="2022-11-16T12:31:26 IST" skipped="0">
  <testcase classname="Annotations.BAMethod" name="f" time="21.984"/>
  <system-out/>
  <testcase classname="Annotations.BAMethod" name="test" time="25.882"/>
  <system-out/>
</testsuite> <!-- Annotations.BAMethod -->
