<?xml version="1.0" encoding="UTF-8"?>
<!-- Generated by org.testng.reporters.JUnitReportReporter -->
<testsuite hostname="DESKTOP-OS26117" failures="0" tests="2" name="Annotations.BAClass" time="22.848" errors="0" timestamp="2022-11-16T12:31:26 IST" skipped="0">
  <testcase classname="Annotations.BAClass" name="f" time="6.619"/>
  <system-out/>
  <testcase classname="Annotations.BAClass" name="test" time="16.229"/>
  <system-out/>
</testsuite> <!-- Annotations.BAClass -->
