<?xml version="1.0" encoding="UTF-8"?>
<!-- Generated by org.testng.reporters.JUnitReportReporter -->
<testsuite hostname="DESKTOP-OS26117" failures="0" tests="1" name="TestAsserts.Hardassert" time="23.050" errors="0" timestamp="2022-11-16T21:36:38 IST" skipped="0">
  <testcase classname="TestAsserts.Hardassert" name="HAT" time="23.050"/>
  <system-out/>
</testsuite> <!-- TestAsserts.Hardassert -->
