<?xml version="1.0" encoding="UTF-8"?>
<!-- Generated by org.testng.reporters.JUnitReportReporter -->
<testsuite hostname="DESKTOP-OS26117" failures="0" tests="1" name="TestAsserts.Softassert" time="15.975" errors="0" timestamp="2022-11-16T22:17:04 IST" skipped="0">
  <testcase classname="TestAsserts.Softassert" name="SAT" time="15.975"/>
  <system-out/>
</testsuite> <!-- TestAsserts.Softassert -->
