<?xml version="1.0" encoding="UTF-8"?>
<!-- Generated by org.testng.reporters.JUnitReportReporter -->
<testsuite hostname="DESKTOP-OS26117" failures="0" tests="1" name="Annotations.GropTest" time="40.544" errors="0" timestamp="2022-11-16T15:52:13 IST" skipped="0">
  <testcase classname="Annotations.GropTest" name="f" time="40.544"/>
  <system-out/>
</testsuite> <!-- Annotations.GropTest -->
