<?xml version="1.0" encoding="UTF-8"?>
<!-- Generated by org.testng.reporters.JUnitReportReporter -->
<testsuite hostname="DESKTOP-OS26117" failures="0" tests="2" name="Annotations.Testbase" time="125.030" errors="0" timestamp="2022-11-16T12:31:26 IST" skipped="0">
  <testcase classname="Annotations.Testbase" name="f" time="63.428"/>
  <system-out/>
  <testcase classname="Annotations.Testbase" name="f1" time="61.602"/>
  <system-out/>
</testsuite> <!-- Annotations.Testbase -->
