<?xml version="1.0" encoding="UTF-8"?>
<!-- Generated by org.testng.reporters.JUnitReportReporter -->
<testsuite hostname="DESKTOP-OS26117" failures="0" tests="1" name="Annotations.BASuite" time="2.860" errors="0" timestamp="2022-11-16T12:31:26 IST" skipped="0">
  <testcase classname="Annotations.BASuite" name="f" time="2.860"/>
  <system-out/>
</testsuite> <!-- Annotations.BASuite -->
