<?xml version="1.0" encoding="UTF-8"?>
<!-- Generated by org.testng.reporters.JUnitReportReporter -->
<testsuite hostname="DESKTOP-OS26117" failures="0" tests="2" name="Annotations.PriorityTest" time="80.030" errors="0" timestamp="2022-11-16T14:22:59 IST" skipped="0">
  <testcase classname="Annotations.PriorityTest" name="f1" time="54.048"/>
  <system-out/>
  <testcase classname="Annotations.PriorityTest" name="f" time="25.982"/>
  <system-out/>
</testsuite> <!-- Annotations.PriorityTest -->
